<?xml version="1.0" encoding="UTF-8"?>
<!-- Generated by org.testng.reporters.JUnitXMLReporter -->
<testsuite hostname="Selenium-W2A" name="Login" tests="4" failures="3" timestamp="10 Jun 2015 11:40:43 GMT" time="22.173" errors="0">
  <testcase name="verifyLoginPageText" time="3.477" classname="com.sample.test.TestCases"/>
  <testcase name="verifyForgotPasswordPage" time="5.114" classname="com.sample.test.TestCases">
    <failure type="java.lang.AssertionError" message="expected [Wrong text[ but found ]Change your password]">
      <![CDATA[java.lang.AssertionError: expected [Wrong text[ but found ]Change your password]
	at com.sample.test.TestCases.verifyForgotPasswordPage(TestCases.java:38)
... Removed 29 stack frames]]>
    </failure>
  </testcase> <!-- verifyForgotPasswordPage -->
  <testcase name="verifyForgotPasswordPage" time="3.74" classname="com.sample.test.TestCases">
    <failure type="java.lang.AssertionError" message="expected [Wrong text[ but found ]Change your password]">
      <![CDATA[java.lang.AssertionError: expected [Wrong text[ but found ]Change your password]
	at com.sample.test.TestCases.verifyForgotPasswordPage(TestCases.java:38)
... Removed 29 stack frames]]>
    </failure>
  </testcase> <!-- verifyForgotPasswordPage -->
  <testcase name="verifyForgotPasswordPage" time="4.22" classname="com.sample.test.TestCases">
    <failure type="java.lang.AssertionError" message="expected [Wrong text[ but found ]Change your password]">
      <![CDATA[java.lang.AssertionError: expected [Wrong text[ but found ]Change your password]
	at com.sample.test.TestCases.verifyForgotPasswordPage(TestCases.java:38)
... Removed 29 stack frames]]>
    </failure>
  </testcase> <!-- verifyForgotPasswordPage -->
</testsuite> <!-- Login -->
