<?xml version="1.0" encoding="UTF-8"?>
<!-- Generated by org.testng.reporters.JUnitXMLReporter -->
<testsuite hostname="DESKTOP-3SL4LUB" ignored="0" name="Dependency Test" tests="4" failures="1" timestamp="22 Feb 2019 10:41:48 GMT" time="0.018" errors="0">
  <testcase name="doUserReg" time="0.002" classname="testcases.TestCase3">
    <failure type="java.lang.AssertionError" message="User not registered successfully">
      <![CDATA[java.lang.AssertionError: User not registered successfully
at testcases.TestCase3.doUserReg(TestCase3.java:13)
... Removed 26 stack frames]]>
    </failure>
  </testcase> <!-- doUserReg -->
  <testcase name="doLogin" time="0.0" classname="testcases.TestCase3">
    <skipped/>
  </testcase> <!-- doLogin -->
  <testcase name="thirdTest" time="0.001" classname="testcases.TestCase3"/>
  <testcase name="fourthTest" time="0.001" classname="testcases.TestCase3"/>
</testsuite> <!-- Dependency Test -->
