<?xml version="1.0" encoding="UTF-8"?>
<testsuite name="TestSuite" time="47.837" tests="2" errors="0" skipped="0" failures="2">
  <properties>
[...]
</properties>
  <testcase name="loginTest" classname="com.w2a.testcases.LoginTest" time="8.961">
    <failure message="Login test failed" type="java.lang.AssertionError">java.lang.AssertionError: Login test failed
	at org.testng.Assert.fail(Assert.java:93)
	at com.w2a.testcases.LoginTest.loginTest(LoginTest.java:20)
</failure>
    <system-err><![CDATA[Starting ChromeDriver 2.29.461591 (62ebf098771772160f391d75e589dc567915b233) on port 33814
Only local connections are allowed.
]]></system-err>
  </testcase>
  <testcase name="createAccountTest" classname="com.w2a.testcases.CreateAccountTest" time="38.876">
    <failure message="Create account test failed" type="java.lang.AssertionError">java.lang.AssertionError: Create account test failed
	at org.testng.Assert.fail(Assert.java:93)
	at com.w2a.testcases.CreateAccountTest.createAccountTest(CreateAccountTest.java:25)
</failure>
  </testcase>
</testsuite>