<?xml version="1.0" encoding="UTF-8"?>
<testng-results skipped="0" failed="0" ignored="0" total="2" passed="2">
  <reporter-output>
  </reporter-output>
  <suite name="Default suite" duration-ms="18054" started-at="2020-08-13T17:57:42Z" finished-at="2020-08-13T17:58:00Z">
    <groups>
    </groups>
    <test name="Default test" duration-ms="18054" started-at="2020-08-13T17:57:42Z" finished-at="2020-08-13T17:58:00Z">
      <class name="testcases.TestParallelDataProviderTreadLocal">
        <test-method status="PASS" signature="launchBrowser(java.lang.String, java.lang.String)[pri:0, instance:testcases.TestParallelDataProviderTreadLocal@4c6e276e]" name="launchBrowser" duration-ms="17976" started-at="2020-08-13T17:57:42Z" data-provider="getData" finished-at="2020-08-13T17:58:00Z">
          <params>
            <param index="0">
              <value>
                <![CDATA[chrome]]>
              </value>
            </param>
            <param index="1">
              <value>
                <![CDATA[lambigini87@gmail.com]]>
              </value>
            </param>
          </params>
          <reporter-output>
          </reporter-output>
        </test-method> <!-- launchBrowser -->
        <test-method status="PASS" signature="launchBrowser(java.lang.String, java.lang.String)[pri:0, instance:testcases.TestParallelDataProviderTreadLocal@4c6e276e]" name="launchBrowser" duration-ms="15622" started-at="2020-08-13T17:57:42Z" data-provider="getData" finished-at="2020-08-13T17:57:57Z">
          <params>
            <param index="0">
              <value>
                <![CDATA[firefox]]>
              </value>
            </param>
            <param index="1">
              <value>
                <![CDATA[harrisontran@outlook.com]]>
              </value>
            </param>
          </params>
          <reporter-output>
          </reporter-output>
        </test-method> <!-- launchBrowser -->
      </class> <!-- testcases.TestParallelDataProviderTreadLocal -->
    </test> <!-- Default test -->
  </suite> <!-- Default suite -->
</testng-results>
