<?xml version="1.0" encoding="UTF-8"?>
<!-- Generated by org.testng.reporters.JUnitXMLReporter -->
<testsuite hostname="Harrisons-iMac.local" ignored="0" name="Bank Manager Login Test" tests="1" failures="1" timestamp="28 Aug 2020 01:25:12 GMT" time="6.913" errors="0">
  <testcase name="loginAsBankManager" time="0.862" classname="com.w2a.testcases.BankManagerLoginTest">
    <failure type="java.lang.AssertionError" message="Login not succeful">
      <![CDATA[java.lang.AssertionError: Login not succeful
	at com.w2a.testcases.BankManagerLoginTest.loginAsBankManager(BankManagerLoginTest.java:24)
... Removed 26 stack frames]]>
    </failure>
  </testcase> <!-- loginAsBankManager -->
</testsuite> <!-- Bank Manager Login Test -->
