<?xml version="1.0" encoding="UTF-8"?>
<!-- Generated by org.testng.reporters.JUnitXMLReporter -->
<testsuite hostname="Harrisons-iMac.local" ignored="0" tests="5" failures="0" timestamp="2020-07-19T21:12:16 PDT" time="0.201" errors="0">
  <testcase name="login" time="0.015" classname="TestLogin"/>
  <testcase name="userRegis" time="0.007" classname="TestLogin">
    <skipped/>
  </testcase> <!-- userRegis -->
  <testcase name="userRegis" time="0.007" classname="TestLogin">
    <skipped/>
  </testcase> <!-- userRegis -->
  <testcase name="userRegis" time="0.005" classname="TestLogin">
    <skipped/>
  </testcase> <!-- userRegis -->
  <testcase name="userRegis" time="0.002" classname="TestLogin"/>
</testsuite>
