<?xml version="1.0" encoding="UTF-8"?>
<testng-results skipped="0" failed="0" ignored="0" total="5" passed="5">
  <reporter-output>
  </reporter-output>
  <suite name="Default suite" duration-ms="44457" started-at="2019-02-22T11:39:50Z" finished-at="2019-02-22T11:40:34Z">
    <groups>
    </groups>
    <test name="Default test" duration-ms="44457" started-at="2019-02-22T11:39:50Z" finished-at="2019-02-22T11:40:34Z">
      <class name="parallelTest.TestInvocation">
        <test-method status="PASS" signature="executeTest()[pri:0, instance:parallelTest.TestInvocation@6a4f787b]" name="executeTest" duration-ms="44395" started-at="2019-02-22T11:39:50Z" finished-at="2019-02-22T11:40:34Z">
          <reporter-output>
          </reporter-output>
        </test-method> <!-- executeTest -->
        <test-method status="PASS" signature="executeTest()[pri:0, instance:parallelTest.TestInvocation@6a4f787b]" name="executeTest" duration-ms="44395" started-at="2019-02-22T11:39:50Z" finished-at="2019-02-22T11:40:34Z">
          <reporter-output>
          </reporter-output>
        </test-method> <!-- executeTest -->
        <test-method status="PASS" signature="executeTest()[pri:0, instance:parallelTest.TestInvocation@6a4f787b]" name="executeTest" duration-ms="44395" started-at="2019-02-22T11:39:50Z" finished-at="2019-02-22T11:40:34Z">
          <reporter-output>
          </reporter-output>
        </test-method> <!-- executeTest -->
        <test-method status="PASS" signature="executeTest()[pri:0, instance:parallelTest.TestInvocation@6a4f787b]" name="executeTest" duration-ms="44395" started-at="2019-02-22T11:39:50Z" finished-at="2019-02-22T11:40:34Z">
          <reporter-output>
          </reporter-output>
        </test-method> <!-- executeTest -->
        <test-method status="PASS" signature="executeTest()[pri:0, instance:parallelTest.TestInvocation@6a4f787b]" name="executeTest" duration-ms="44394" started-at="2019-02-22T11:39:50Z" finished-at="2019-02-22T11:40:34Z">
          <reporter-output>
          </reporter-output>
        </test-method> <!-- executeTest -->
      </class> <!-- parallelTest.TestInvocation -->
    </test> <!-- Default test -->
  </suite> <!-- Default suite -->
</testng-results>
