<?xml version="1.0" encoding="UTF-8"?>
<!-- Generated by org.testng.reporters.JUnitXMLReporter -->
<testsuite hostname="Harrisons-iMac.local" ignored="0" name="Default test" tests="4" failures="0" timestamp="2020-07-07T18:54:46 PDT" time="0.257" errors="0">
  <testcase name="testLogin" time="0.015" classname="testcases.TestLoginTest"/>
  <testcase name="testLogin" time="0.011" classname="testcases.TestLoginTest"/>
  <testcase name="testUserRegis" time="0.003" classname="testcases.TestLoginTest"/>
  <testcase name="testUserRegis" time="0.004" classname="testcases.TestLoginTest"/>
</testsuite> <!-- Default test -->
