<?xml version="1.0" encoding="UTF-8"?>
<!-- Generated by org.testng.reporters.JUnitXMLReporter -->
<testsuite hostname="Harrisons-iMac.local" ignored="0" name="Default test" tests="3" failures="0" timestamp="2020-07-09T18:39:01 PDT" time="12.24" errors="0">
  <testcase name="executeTest" time="12.133" classname="parallelTest.TestInvocation"/>
  <testcase name="executeTest" time="12.159" classname="parallelTest.TestInvocation"/>
  <testcase name="executeTest" time="12.168" classname="parallelTest.TestInvocation"/>
</testsuite> <!-- Default test -->
