<?xml version="1.0" encoding="UTF-8"?>
<testng-results skipped="0" failed="0" ignored="0" total="1" passed="1">
  <reporter-output>
  </reporter-output>
  <suite name="Page Object Model" duration-ms="8350" started-at="2020-10-16T02:47:37Z" finished-at="2020-10-16T02:47:45Z">
    <groups>
    </groups>
    <test name=" Login Test" duration-ms="8350" started-at="2020-10-16T02:47:37Z" finished-at="2020-10-16T02:47:45Z">
      <class name="com.w2a.testcases.LoginTest">
        <test-method status="PASS" signature="loginTest()[pri:0, instance:com.w2a.testcases.LoginTest@2b43529a]" name="loginTest" duration-ms="4353" started-at="2020-10-15T19:47:40Z" finished-at="2020-10-15T19:47:45Z">
          <reporter-output>
          </reporter-output>
        </test-method> <!-- loginTest -->
        <test-method status="PASS" signature="tearDown()[pri:0, instance:com.w2a.testcases.LoginTest@2b43529a]" name="tearDown" is-config="true" duration-ms="264" started-at="2020-10-15T19:47:45Z" finished-at="2020-10-15T19:47:45Z">
          <reporter-output>
          </reporter-output>
        </test-method> <!-- tearDown -->
      </class> <!-- com.w2a.testcases.LoginTest -->
    </test> <!--  Login Test -->
  </suite> <!-- Page Object Model -->
</testng-results>
