<?xml version="1.0" encoding="UTF-8"?>
<!-- Generated by org.testng.reporters.JUnitXMLReporter -->
<testsuite hostname="DESKTOP-FNF69NB" ignored="0" name="Login Test" tests="1" failures="1" timestamp="09 Nov 2017 19:58:35 GMT" time="10.087" errors="0">
  <testcase name="loginTest" time="8.95" classname="com.w2a.testcases.LoginTest">
    <failure type="java.lang.AssertionError" message="Login test failed">
      <![CDATA[java.lang.AssertionError: Login test failed
	at com.w2a.testcases.LoginTest.loginTest(LoginTest.java:20)
... Removed 29 stack frames]]>
    </failure>
  </testcase> <!-- loginTest -->
</testsuite> <!-- Login Test -->
