<?xml version="1.0" encoding="UTF-8"?>
<testng-results skipped="0" failed="0" ignored="0" total="3" passed="3">
  <reporter-output>
  </reporter-output>
  <suite name="Default suite" duration-ms="12240" started-at="2020-07-09T18:38:48 PDT" finished-at="2020-07-09T18:39:00 PDT">
    <groups>
    </groups>
    <test name="Default test" duration-ms="12240" started-at="2020-07-09T18:38:48 PDT" finished-at="2020-07-09T18:39:00 PDT">
      <class name="parallelTest.TestInvocation">
        <test-method status="PASS" signature="executeTest()[pri:0, instance:parallelTest.TestInvocation@371a67ec]" name="executeTest" duration-ms="12133" started-at="2020-07-09T18:38:48 PDT" finished-at="2020-07-09T18:39:00 PDT">
          <reporter-output>
          </reporter-output>
        </test-method> <!-- executeTest -->
        <test-method status="PASS" signature="executeTest()[pri:0, instance:parallelTest.TestInvocation@371a67ec]" name="executeTest" duration-ms="12159" started-at="2020-07-09T18:38:48 PDT" finished-at="2020-07-09T18:39:00 PDT">
          <reporter-output>
          </reporter-output>
        </test-method> <!-- executeTest -->
        <test-method status="PASS" signature="executeTest()[pri:0, instance:parallelTest.TestInvocation@371a67ec]" name="executeTest" duration-ms="12168" started-at="2020-07-09T18:38:48 PDT" finished-at="2020-07-09T18:39:00 PDT">
          <reporter-output>
          </reporter-output>
        </test-method> <!-- executeTest -->
      </class> <!-- parallelTest.TestInvocation -->
    </test> <!-- Default test -->
  </suite> <!-- Default suite -->
</testng-results>
